#
# There is insufficient memory for the Java Runtime Environment to continue.
# Native memory allocation (malloc) failed to allocate 275376 bytes for Chunk::new
# Possible reasons:
#   The system is out of physical RAM or swap space
#   The process is running with CompressedOops enabled, and the Java Heap may be blocking the growth of the native heap
# Possible solutions:
#   Reduce memory load on the system
#   Increase physical memory or swap space
#   Check if swap backing store is full
#   Decrease Java heap size (-Xmx/-Xms)
#   Decrease number of Java threads
#   Decrease Java thread stack sizes (-Xss)
#   Set larger code cache with -XX:ReservedCodeCacheSize=
#   JVM is running with Unscaled Compressed Oops mode in which the Java heap is
#     placed in the first 4GB address space. The Java Heap base address is the
#     maximum limit for the native heap growth. Please use -XX:HeapBaseMinAddress
#     to set the Java Heap base and to place the Java Heap above 4GB virtual address.
# This output file may be truncated or incomplete.
#
#  Out of Memory Error (arena.cpp:189), pid=3308, tid=15548
#
# JRE version: Java(TM) SE Runtime Environment (17.0.7+8) (build 17.0.7+8-LTS-224)
# Java VM: Java HotSpot(TM) 64-Bit Server VM (17.0.7+8-LTS-224, mixed mode, sharing, tiered, compressed oops, compressed class ptrs, g1 gc, windows-amd64)
# No core dump will be written. Minidumps are not enabled by default on client versions of Windows
#

---------------  S U M M A R Y ------------

Command Line: -Djava.library.path=F:\BaiduNetdiskDownload\DEV\Compose Desktop\FluentUi\demo\build\classes\kotlin\jvm\main;F:\BaiduNetdiskDownload\DEV\Compose Desktop\FluentUi\demo\build\processedResources\jvm\main -javaagent:E:\IntelliJ IDEA Community Edition 2023.1.2\lib\idea_rt.jar=58740:E:\IntelliJ IDEA Community Edition 2023.1.2\bin -Dfile.encoding=UTF-8 MainKt

Host: AMD A4-5000 APU with Radeon(TM) HD Graphics    , 4 cores, 3G,  Windows 10 , 64 bit Build 19041 (10.0.19041.3155)
Time: Tue Aug  8 10:16:42 2023  Windows 10 , 64 bit Build 19041 (10.0.19041.3155) elapsed time: 16.805779 seconds (0d 0h 0m 16s)

---------------  T H R E A D  ---------------

Current thread (0x000001bacb9d99f0):  JavaThread "C2 CompilerThread0" daemon [_thread_in_native, id=15548, stack(0x000000b0e0f00000,0x000000b0e1000000)]


Current CompileTask:
C2:  16806 2105 %     4       sun.security.provider.SHA::implCompress0 @ 27 (506 bytes)

Stack: [0x000000b0e0f00000,0x000000b0e1000000]
Native frames: (J=compiled Java code, j=interpreted, Vv=VM code, C=native code)
V  [jvm.dll+0x676a4a]
V  [jvm.dll+0x7d74f4]
V  [jvm.dll+0x7d8c9e]
V  [jvm.dll+0x7d9303]
V  [jvm.dll+0x2452c5]
V  [jvm.dll+0xaaa2b]
V  [jvm.dll+0xaafcc]
V  [jvm.dll+0x2aac2f]
V  [jvm.dll+0x57f375]
V  [jvm.dll+0x2205f2]
V  [jvm.dll+0x2209cf]
V  [jvm.dll+0x219926]
V  [jvm.dll+0x216df9]
V  [jvm.dll+0x1a35e0]
V  [jvm.dll+0x226a6e]
V  [jvm.dll+0x224e15]
V  [jvm.dll+0x78d05c]
V  [jvm.dll+0x78759a]
V  [jvm.dll+0x675875]
C  [ucrtbase.dll+0x21bb2]
C  [KERNEL32.DLL+0x17614]
C  [ntdll.dll+0x526b1]


---------------  P R O C E S S  ---------------

Threads class SMR info:
_java_thread_list=0x000001bad207a9e0, length=24, elements={
0x000001bab0ce3e20, 0x000001bacb9b9d60, 0x000001bacb9babd0, 0x000001bacb9d0930,
0x000001bacb9d14e0, 0x000001bacb9d82b0, 0x000001bacb9d8c60, 0x000001bacb9d99f0,
0x000001bacb9dc4a0, 0x000001bacb9de640, 0x000001bab0db7cf0, 0x000001bacc5aed40,
0x000001bacc5e4010, 0x000001baccb48f90, 0x000001baccb4b550, 0x000001baccb76120,
0x000001baccb9e570, 0x000001bad19c4100, 0x000001bad1a0a6a0, 0x000001bad1a5cd10,
0x000001bad1a5d6b0, 0x000001bad1a5f390, 0x000001bad1a5e9f0, 0x000001bad1a5c370
}

Java Threads: ( => current thread )
  0x000001bab0ce3e20 JavaThread "main" [_thread_blocked, id=6004, stack(0x000000b0e0200000,0x000000b0e0300000)]
  0x000001bacb9b9d60 JavaThread "Reference Handler" daemon [_thread_blocked, id=13912, stack(0x000000b0e0900000,0x000000b0e0a00000)]
  0x000001bacb9babd0 JavaThread "Finalizer" daemon [_thread_blocked, id=7200, stack(0x000000b0e0a00000,0x000000b0e0b00000)]
  0x000001bacb9d0930 JavaThread "Signal Dispatcher" daemon [_thread_blocked, id=7364, stack(0x000000b0e0b00000,0x000000b0e0c00000)]
  0x000001bacb9d14e0 JavaThread "Attach Listener" daemon [_thread_blocked, id=13908, stack(0x000000b0e0c00000,0x000000b0e0d00000)]
  0x000001bacb9d82b0 JavaThread "Service Thread" daemon [_thread_blocked, id=16652, stack(0x000000b0e0d00000,0x000000b0e0e00000)]
  0x000001bacb9d8c60 JavaThread "Monitor Deflation Thread" daemon [_thread_blocked, id=25768, stack(0x000000b0e0e00000,0x000000b0e0f00000)]
=>0x000001bacb9d99f0 JavaThread "C2 CompilerThread0" daemon [_thread_in_native, id=15548, stack(0x000000b0e0f00000,0x000000b0e1000000)]
  0x000001bacb9dc4a0 JavaThread "C1 CompilerThread0" daemon [_thread_in_native, id=24740, stack(0x000000b0e1000000,0x000000b0e1100000)]
  0x000001bacb9de640 JavaThread "Sweeper thread" daemon [_thread_blocked, id=17732, stack(0x000000b0e1100000,0x000000b0e1200000)]
  0x000001bab0db7cf0 JavaThread "Common-Cleaner" daemon [_thread_blocked, id=5532, stack(0x000000b0e1200000,0x000000b0e1300000)]
  0x000001bacc5aed40 JavaThread "Monitor Ctrl-Break" daemon [_thread_in_native, id=24440, stack(0x000000b0e1300000,0x000000b0e1400000)]
  0x000001bacc5e4010 JavaThread "Notification Thread" daemon [_thread_blocked, id=26032, stack(0x000000b0e1400000,0x000000b0e1500000)]
  0x000001baccb48f90 JavaThread "Java2D Disposer" daemon [_thread_blocked, id=17064, stack(0x000000b0e1600000,0x000000b0e1700000)]
  0x000001baccb4b550 JavaThread "AWT-Shutdown" [_thread_blocked, id=11572, stack(0x000000b0e1700000,0x000000b0e1800000)]
  0x000001baccb76120 JavaThread "AWT-Windows" daemon [_thread_in_native, id=14792, stack(0x000000b0e1800000,0x000000b0e1900000)]
  0x000001baccb9e570 JavaThread "AWT-EventQueue-0" [_thread_blocked, id=3268, stack(0x000000b0e1900000,0x000000b0e1a00000)]
  0x000001bad19c4100 JavaThread "DefaultDispatcher-worker-1" daemon [_thread_blocked, id=25444, stack(0x000000b0e2600000,0x000000b0e2700000)]
  0x000001bad1a0a6a0 JavaThread "DefaultDispatcher-worker-2" daemon [_thread_blocked, id=27980, stack(0x000000b0e2700000,0x000000b0e2800000)]
  0x000001bad1a5cd10 JavaThread "DefaultDispatcher-worker-3" daemon [_thread_in_native, id=10560, stack(0x000000b0e2800000,0x000000b0e2900000)]
  0x000001bad1a5d6b0 JavaThread "kotlinx.coroutines.DefaultExecutor" daemon [_thread_blocked, id=22192, stack(0x000000b0e2900000,0x000000b0e2a00000)]
  0x000001bad1a5f390 JavaThread "Reference Cleaner" daemon [_thread_blocked, id=25252, stack(0x000000b0e2a00000,0x000000b0e2b00000)]
  0x000001bad1a5e9f0 JavaThread "D3D Screen Updater" daemon [_thread_blocked, id=21136, stack(0x000000b0e2d00000,0x000000b0e2e00000)]
  0x000001bad1a5c370 JavaThread "TimerQueue" daemon [_thread_blocked, id=28516, stack(0x000000b0e2e00000,0x000000b0e2f00000)]

Other Threads:
  0x000001bacb9b20f0 VMThread "VM Thread" [stack: 0x000000b0e0800000,0x000000b0e0900000] [id=5136]
  0x000001bacc5e5580 WatcherThread [stack: 0x000000b0e1500000,0x000000b0e1600000] [id=17480]
  0x000001bab0d1caf0 GCTaskThread "GC Thread#0" [stack: 0x000000b0e0300000,0x000000b0e0400000] [id=18224]
  0x000001baccc08ff0 GCTaskThread "GC Thread#1" [stack: 0x000000b0e1a00000,0x000000b0e1b00000] [id=27320]
  0x000001baccc092a0 GCTaskThread "GC Thread#2" [stack: 0x000000b0e1b00000,0x000000b0e1c00000] [id=20816]
  0x000001baccc09550 GCTaskThread "GC Thread#3" [stack: 0x000000b0e1c00000,0x000000b0e1d00000] [id=5908]
  0x000001bab0d248b0 ConcurrentGCThread "G1 Main Marker" [stack: 0x000000b0e0400000,0x000000b0e0500000] [id=17436]
  0x000001bab0d252c0 ConcurrentGCThread "G1 Conc#0" [stack: 0x000000b0e0500000,0x000000b0e0600000] [id=20496]
  0x000001bab0d60510 ConcurrentGCThread "G1 Refine#0" [stack: 0x000000b0e0600000,0x000000b0e0700000] [id=5384]
  0x000001bab0d60f30 ConcurrentGCThread "G1 Service" [stack: 0x000000b0e0700000,0x000000b0e0800000] [id=22728]

Threads with active compile tasks:
C2 CompilerThread0    16935 2105 %     4       sun.security.provider.SHA::implCompress0 @ 27 (506 bytes)
C1 CompilerThread0    16936 2131       3       sun.security.provider.ByteArrayAccess::b2iBig64 (231 bytes)

VM state: not at safepoint (normal execution)

VM Mutex/Monitor currently owned by a thread: None

Heap address: 0x00000000c8c00000, size: 884 MB, Compressed Oops mode: 32-bit

CDS archive(s) mapped at: [0x0000000800000000-0x0000000800bd0000-0x0000000800bd0000), size 12386304, SharedBaseAddress: 0x0000000800000000, ArchiveRelocationMode: 0.
Compressed class space mapped at: 0x0000000800c00000-0x0000000840c00000, reserved size: 1073741824
Narrow klass base: 0x0000000800000000, Narrow klass shift: 0, Narrow klass range: 0x100000000

GC Precious Log:
 CPUs: 4 total, 4 available
 Memory: 3533M
 Large Page Support: Disabled
 NUMA Support: Disabled
 Compressed Oops: Enabled (32-bit)
 Heap Region Size: 1M
 Heap Min Capacity: 8M
 Heap Initial Capacity: 56M
 Heap Max Capacity: 884M
 Pre-touch: Disabled
 Parallel Workers: 4
 Concurrent Workers: 1
 Concurrent Refinement Workers: 4
 Periodic GC: Disabled

Heap:
 garbage-first heap   total 30720K, used 13400K [0x00000000c8c00000, 0x0000000100000000)
  region size 1024K, 11 young (11264K), 4 survivors (4096K)
 Metaspace       used 23608K, committed 23872K, reserved 1073152K
  class space    used 2571K, committed 2688K, reserved 1048576K

Heap Regions: E=young(eden), S=young(survivor), O=old, HS=humongous(starts), HC=humongous(continues), CS=collection set, F=free, OA=open archive, CA=closed archive, TAMS=top-at-mark-start (previous, next)
|   0|0x00000000c8c00000, 0x00000000c8d00000, 0x00000000c8d00000|100%| O|  |TAMS 0x00000000c8d00000, 0x00000000c8c00000| Untracked 
|   1|0x00000000c8d00000, 0x00000000c8e00000, 0x00000000c8e00000|100%| O|  |TAMS 0x00000000c8e00000, 0x00000000c8d00000| Untracked 
|   2|0x00000000c8e00000, 0x00000000c8e00000, 0x00000000c8f00000|  0%| F|  |TAMS 0x00000000c8e00000, 0x00000000c8e00000| Untracked 
|   3|0x00000000c8f00000, 0x00000000c9000000, 0x00000000c9000000|100%| O|  |TAMS 0x00000000c9000000, 0x00000000c8f00000| Untracked 
|   4|0x00000000c9000000, 0x00000000c90c4a00, 0x00000000c9100000| 76%| O|  |TAMS 0x00000000c90c4a00, 0x00000000c9000000| Untracked 
|   5|0x00000000c9100000, 0x00000000c9100000, 0x00000000c9200000|  0%| F|  |TAMS 0x00000000c9100000, 0x00000000c9100000| Untracked 
|   6|0x00000000c9200000, 0x00000000c9200000, 0x00000000c9300000|  0%| F|  |TAMS 0x00000000c9200000, 0x00000000c9200000| Untracked 
|   7|0x00000000c9300000, 0x00000000c9300000, 0x00000000c9400000|  0%| F|  |TAMS 0x00000000c9300000, 0x00000000c9300000| Untracked 
|   8|0x00000000c9400000, 0x00000000c9400000, 0x00000000c9500000|  0%| F|  |TAMS 0x00000000c9400000, 0x00000000c9400000| Untracked 
|   9|0x00000000c9500000, 0x00000000c9500000, 0x00000000c9600000|  0%| F|  |TAMS 0x00000000c9500000, 0x00000000c9500000| Untracked 
|  10|0x00000000c9600000, 0x00000000c9600000, 0x00000000c9700000|  0%| F|  |TAMS 0x00000000c9600000, 0x00000000c9600000| Untracked 
|  11|0x00000000c9700000, 0x00000000c9700000, 0x00000000c9800000|  0%| F|  |TAMS 0x00000000c9700000, 0x00000000c9700000| Untracked 
|  12|0x00000000c9800000, 0x00000000c9800000, 0x00000000c9900000|  0%| F|  |TAMS 0x00000000c9800000, 0x00000000c9800000| Untracked 
|  13|0x00000000c9900000, 0x00000000c9900000, 0x00000000c9a00000|  0%| F|  |TAMS 0x00000000c9900000, 0x00000000c9900000| Untracked 
|  14|0x00000000c9a00000, 0x00000000c9a00000, 0x00000000c9b00000|  0%| F|  |TAMS 0x00000000c9a00000, 0x00000000c9a00000| Untracked 
|  15|0x00000000c9b00000, 0x00000000c9b00000, 0x00000000c9c00000|  0%| F|  |TAMS 0x00000000c9b00000, 0x00000000c9b00000| Untracked 
|  16|0x00000000c9c00000, 0x00000000c9c00000, 0x00000000c9d00000|  0%| F|  |TAMS 0x00000000c9c00000, 0x00000000c9c00000| Untracked 
|  17|0x00000000c9d00000, 0x00000000c9d00000, 0x00000000c9e00000|  0%| F|  |TAMS 0x00000000c9d00000, 0x00000000c9d00000| Untracked 
|  18|0x00000000c9e00000, 0x00000000c9e00000, 0x00000000c9f00000|  0%| F|  |TAMS 0x00000000c9e00000, 0x00000000c9e00000| Untracked 
|  19|0x00000000c9f00000, 0x00000000c9f9c280, 0x00000000ca000000| 60%| E|  |TAMS 0x00000000c9f00000, 0x00000000c9f00000| Complete 
|  20|0x00000000ca000000, 0x00000000ca100000, 0x00000000ca100000|100%| E|CS|TAMS 0x00000000ca000000, 0x00000000ca000000| Complete 
|  21|0x00000000ca100000, 0x00000000ca200000, 0x00000000ca200000|100%| E|CS|TAMS 0x00000000ca100000, 0x00000000ca100000| Complete 
|  22|0x00000000ca200000, 0x00000000ca300000, 0x00000000ca300000|100%| E|CS|TAMS 0x00000000ca200000, 0x00000000ca200000| Complete 
|  23|0x00000000ca300000, 0x00000000ca3516d0, 0x00000000ca400000| 31%| S|CS|TAMS 0x00000000ca300000, 0x00000000ca300000| Complete 
|  24|0x00000000ca400000, 0x00000000ca500000, 0x00000000ca500000|100%| S|CS|TAMS 0x00000000ca400000, 0x00000000ca400000| Complete 
|  25|0x00000000ca500000, 0x00000000ca600000, 0x00000000ca600000|100%| S|CS|TAMS 0x00000000ca500000, 0x00000000ca500000| Complete 
|  26|0x00000000ca600000, 0x00000000ca700000, 0x00000000ca700000|100%| S|CS|TAMS 0x00000000ca600000, 0x00000000ca600000| Complete 
|  27|0x00000000ca700000, 0x00000000ca800000, 0x00000000ca800000|100%| E|CS|TAMS 0x00000000ca700000, 0x00000000ca700000| Complete 
|  28|0x00000000ca800000, 0x00000000ca900000, 0x00000000ca900000|100%| E|CS|TAMS 0x00000000ca800000, 0x00000000ca800000| Complete 
|  55|0x00000000cc300000, 0x00000000cc400000, 0x00000000cc400000|100%| E|CS|TAMS 0x00000000cc300000, 0x00000000cc300000| Complete 

Card table byte_map: [0x000001bac7570000,0x000001bac7730000] _byte_map_base: 0x000001bac6f2a000

Marking Bits (Prev, Next): (CMBitMap*) 0x000001bab0d1d140, (CMBitMap*) 0x000001bab0d1d100
 Prev Bits: [0x000001bac86c0000, 0x000001bac9490000)
 Next Bits: [0x000001bac78f0000, 0x000001bac86c0000)

Polling page: 0x000001baaec60000

Metaspace:

Usage:
  Non-class:     20.54 MB used.
      Class:      2.51 MB used.
       Both:     23.06 MB used.

Virtual space:
  Non-class space:       24.00 MB reserved,      20.69 MB ( 86%) committed,  3 nodes.
      Class space:        1.00 GB reserved,       2.62 MB ( <1%) committed,  1 nodes.
             Both:        1.02 GB reserved,      23.31 MB (  2%) committed. 

Chunk freelists:
   Non-Class:  2.86 MB
       Class:  1.23 MB
        Both:  4.09 MB

MaxMetaspaceSize: unlimited
CompressedClassSpaceSize: 1.00 GB
Initial GC threshold: 21.00 MB
Current GC threshold: 35.12 MB
CDS: on
MetaspaceReclaimPolicy: balanced
 - commit_granule_bytes: 65536.
 - commit_granule_words: 8192.
 - virtual_space_node_default_size: 1048576.
 - enlarge_chunks_in_place: 1.
 - new_chunks_are_fully_committed: 0.
 - uncommit_free_chunks: 1.
 - use_allocation_guard: 0.
 - handle_deallocations: 1.


Internal statistics:

num_allocs_failed_limit: 3.
num_arena_births: 134.
num_arena_deaths: 0.
num_vsnodes_births: 4.
num_vsnodes_deaths: 0.
num_space_committed: 373.
num_space_uncommitted: 0.
num_chunks_returned_to_freelist: 3.
num_chunks_taken_from_freelist: 702.
num_chunk_merges: 3.
num_chunk_splits: 585.
num_chunks_enlarged: 532.
num_purges: 0.
num_inconsistent_stats: 0.

CodeHeap 'non-profiled nmethods': size=120000Kb used=806Kb max_used=806Kb free=119193Kb
 bounds [0x000001bac0040000, 0x000001bac02b0000, 0x000001bac7570000]
CodeHeap 'profiled nmethods': size=120000Kb used=3693Kb max_used=3693Kb free=116306Kb
 bounds [0x000001bab8570000, 0x000001bab8910000, 0x000001babfaa0000]
CodeHeap 'non-nmethods': size=5760Kb used=1762Kb max_used=1773Kb free=3998Kb
 bounds [0x000001babfaa0000, 0x000001babfd10000, 0x000001bac0040000]
 total_blobs=3348 nmethods=2129 adapters=1132
 compilation: enabled
              stopped_count=0, restarted_count=0
 full_count=0

Compilation events (20 events):
Event: 16.742 Thread 0x000001bacb9dc4a0 2099       3       sun.nio.fs.WindowsPathParser::parseNormalizedPath (6 bytes)
Event: 16.742 Thread 0x000001bacb9dc4a0 nmethod 2099 0x000001bab88fa690 code [0x000001bab88fa820, 0x000001bab88fa948]
Event: 16.742 Thread 0x000001bacb9dc4a0 2083       3       sun.nio.fs.WindowsPathParser$Result::<init> (20 bytes)
Event: 16.743 Thread 0x000001bacb9dc4a0 nmethod 2083 0x000001bab88faa10 code [0x000001bab88fabc0, 0x000001bab88fae38]
Event: 16.743 Thread 0x000001bacb9dc4a0 2084       3       sun.nio.fs.WindowsDirectoryStream$WindowsDirectoryIterator::isSelfOrParent (24 bytes)
Event: 16.743 Thread 0x000001bacb9dc4a0 nmethod 2084 0x000001bab88faf10 code [0x000001bab88fb0c0, 0x000001bab88fb2f8]
Event: 16.743 Thread 0x000001bacb9dc4a0 2086  s    3       sun.nio.fs.WindowsDirectoryStream$WindowsDirectoryIterator::hasNext (35 bytes)
Event: 16.744 Thread 0x000001bacb9dc4a0 nmethod 2086 0x000001bab88fb410 code [0x000001bab88fb5c0, 0x000001bab88fb8e8]
Event: 16.744 Thread 0x000001bacb9dc4a0 2100       3       sun.nio.fs.WindowsPath$WindowsPathWithAttributes::<init> (23 bytes)
Event: 16.745 Thread 0x000001bacb9dc4a0 nmethod 2100 0x000001bab88fb990 code [0x000001bab88fbb80, 0x000001bab88fc1d8]
Event: 16.745 Thread 0x000001bacb9dc4a0 2101       3       java.nio.file.Files$AcceptAllFilter::accept (9 bytes)
Event: 16.745 Thread 0x000001bacb9dc4a0 nmethod 2101 0x000001bab88fc390 code [0x000001bab88fc540, 0x000001bab88fc7b8]
Event: 16.745 Thread 0x000001bacb9dc4a0 2102       3       sun.nio.fs.WindowsDirectoryStream$WindowsDirectoryIterator::next (5 bytes)
Event: 16.746 Thread 0x000001bacb9dc4a0 nmethod 2102 0x000001bab88fc890 code [0x000001bab88fca20, 0x000001bab88fcb68]
Event: 16.746 Thread 0x000001bacb9dc4a0 2090       3       java.lang.String::getBytes (15 bytes)
Event: 16.746 Thread 0x000001bacb9dc4a0 nmethod 2090 0x000001bab88fcc10 code [0x000001bab88fcdc0, 0x000001bab88fcfb8]
Event: 16.746 Thread 0x000001bacb9dc4a0 2096       1       java.util.concurrent.atomic.AtomicLong::get (5 bytes)
Event: 16.746 Thread 0x000001bacb9dc4a0 nmethod 2096 0x000001bac0107890 code [0x000001bac0107a20, 0x000001bac0107af8]
Event: 16.746 Thread 0x000001bacb9dc4a0 2104  s    3       sun.nio.fs.WindowsDirectoryStream$WindowsDirectoryIterator::next (48 bytes)
Event: 16.747 Thread 0x000001bacb9dc4a0 nmethod 2104 0x000001bab88fd090 code [0x000001bab88fd260, 0x000001bab88fd618]

GC Heap History (8 events):
Event: 3.106 GC heap before
{Heap before GC invocations=0 (full 0):
 garbage-first heap   total 57344K, used 12288K [0x00000000c8c00000, 0x0000000100000000)
  region size 1024K, 13 young (13312K), 0 survivors (0K)
 Metaspace       used 4629K, committed 4800K, reserved 1056768K
  class space    used 425K, committed 512K, reserved 1048576K
}
Event: 3.128 GC heap after
{Heap after GC invocations=1 (full 0):
 garbage-first heap   total 57344K, used 3526K [0x00000000c8c00000, 0x0000000100000000)
  region size 1024K, 2 young (2048K), 2 survivors (2048K)
 Metaspace       used 4629K, committed 4800K, reserved 1056768K
  class space    used 425K, committed 512K, reserved 1048576K
}
Event: 5.755 GC heap before
{Heap before GC invocations=1 (full 0):
 garbage-first heap   total 57344K, used 15814K [0x00000000c8c00000, 0x0000000100000000)
  region size 1024K, 14 young (14336K), 2 survivors (2048K)
 Metaspace       used 9475K, committed 9728K, reserved 1064960K
  class space    used 911K, committed 1024K, reserved 1048576K
}
Event: 5.762 GC heap after
{Heap after GC invocations=2 (full 0):
 garbage-first heap   total 57344K, used 4630K [0x00000000c8c00000, 0x0000000100000000)
  region size 1024K, 1 young (1024K), 1 survivors (1024K)
 Metaspace       used 9475K, committed 9728K, reserved 1064960K
  class space    used 911K, committed 1024K, reserved 1048576K
}
Event: 9.049 GC heap before
{Heap before GC invocations=2 (full 0):
 garbage-first heap   total 57344K, used 24086K [0x00000000c8c00000, 0x0000000100000000)
  region size 1024K, 21 young (21504K), 1 survivors (1024K)
 Metaspace       used 15439K, committed 15680K, reserved 1064960K
  class space    used 1635K, committed 1728K, reserved 1048576K
}
Event: 9.056 GC heap after
{Heap after GC invocations=3 (full 0):
 garbage-first heap   total 57344K, used 5466K [0x00000000c8c00000, 0x0000000100000000)
  region size 1024K, 2 young (2048K), 2 survivors (2048K)
 Metaspace       used 15439K, committed 15680K, reserved 1064960K
  class space    used 1635K, committed 1728K, reserved 1048576K
}
Event: 14.465 GC heap before
{Heap before GC invocations=3 (full 0):
 garbage-first heap   total 57344K, used 32090K [0x00000000c8c00000, 0x0000000100000000)
  region size 1024K, 29 young (29696K), 2 survivors (2048K)
 Metaspace       used 21370K, committed 21504K, reserved 1073152K
  class space    used 2306K, committed 2368K, reserved 1048576K
}
Event: 14.485 GC heap after
{Heap after GC invocations=4 (full 0):
 garbage-first heap   total 57344K, used 7256K [0x00000000c8c00000, 0x0000000100000000)
  region size 1024K, 4 young (4096K), 4 survivors (4096K)
 Metaspace       used 21370K, committed 21504K, reserved 1073152K
  class space    used 2306K, committed 2368K, reserved 1048576K
}

Deoptimization events (20 events):
Event: 14.766 Thread 0x000001baccb9e570 Uncommon trap: trap_request=0xffffffde fr.pc=0x000001bac00a894c relative=0x000000000000040c
Event: 14.766 Thread 0x000001baccb9e570 Uncommon trap: reason=class_check action=maybe_recompile pc=0x000001bac00a894c method=java.util.HashMap.getNode(Ljava/lang/Object;)Ljava/util/HashMap$Node; @ 128 c2
Event: 14.766 Thread 0x000001baccb9e570 DEOPT PACKING pc=0x000001bac00a894c sp=0x000000b0e19f8900
Event: 14.766 Thread 0x000001baccb9e570 DEOPT UNPACKING pc=0x000001babfaf23a3 sp=0x000000b0e19f8888 mode 2
Event: 15.526 Thread 0x000001baccb9e570 Uncommon trap: trap_request=0xffffff45 fr.pc=0x000001bac00e9094 relative=0x00000000000001d4
Event: 15.526 Thread 0x000001baccb9e570 Uncommon trap: reason=unstable_if action=reinterpret pc=0x000001bac00e9094 method=java.util.concurrent.ConcurrentHashMap.addCount(JI)V @ 34 c2
Event: 15.526 Thread 0x000001baccb9e570 DEOPT PACKING pc=0x000001bac00e9094 sp=0x000000b0e19fd1f0
Event: 15.526 Thread 0x000001baccb9e570 DEOPT UNPACKING pc=0x000001babfaf23a3 sp=0x000000b0e19fd130 mode 2
Event: 15.895 Thread 0x000001bad1a5cd10 Uncommon trap: trap_request=0xffffff45 fr.pc=0x000001bac00dddf0 relative=0x0000000000000610
Event: 15.895 Thread 0x000001bad1a5cd10 Uncommon trap: reason=unstable_if action=reinterpret pc=0x000001bac00dddf0 method=java.util.HashMap.putVal(ILjava/lang/Object;Ljava/lang/Object;ZZ)Ljava/lang/Object; @ 181 c2
Event: 15.895 Thread 0x000001bad1a5cd10 DEOPT PACKING pc=0x000001bac00dddf0 sp=0x000000b0e28fd890
Event: 15.895 Thread 0x000001bad1a5cd10 DEOPT UNPACKING pc=0x000001babfaf23a3 sp=0x000000b0e28fd810 mode 2
Event: 16.106 Thread 0x000001baccb9e570 DEOPT PACKING pc=0x000001bab881cf1a sp=0x000000b0e19fe3f0
Event: 16.106 Thread 0x000001baccb9e570 DEOPT UNPACKING pc=0x000001babfaf2b43 sp=0x000000b0e19fd890 mode 3
Event: 16.106 Thread 0x000001bad1a5c370 DEOPT PACKING pc=0x000001bab88283c9 sp=0x000000b0e2eff460
Event: 16.106 Thread 0x000001bad1a5c370 DEOPT UNPACKING pc=0x000001babfaf2b43 sp=0x000000b0e2efe8c8 mode 3
Event: 16.666 Thread 0x000001bad1a5cd10 Uncommon trap: trap_request=0xffffff45 fr.pc=0x000001bac00ab380 relative=0x00000000000001c0
Event: 16.666 Thread 0x000001bad1a5cd10 Uncommon trap: reason=unstable_if action=reinterpret pc=0x000001bac00ab380 method=java.io.WinNTFileSystem.normalize(Ljava/lang/String;)Ljava/lang/String; @ 128 c2
Event: 16.666 Thread 0x000001bad1a5cd10 DEOPT PACKING pc=0x000001bac00ab380 sp=0x000000b0e28fd460
Event: 16.666 Thread 0x000001bad1a5cd10 DEOPT UNPACKING pc=0x000001babfaf23a3 sp=0x000000b0e28fd3e8 mode 2

Classes unloaded (0 events):
No events

Classes redefined (0 events):
No events

Internal exceptions (20 events):
Event: 1.890 Thread 0x000001bab0ce3e20 Exception <a 'java/lang/ClassNotFoundException'{0x00000000cbb977e0}: sun/awt/resources/spi/awtProvider> (0x00000000cbb977e0) 
thrown [s\open\src\hotspot\share\classfile\systemDictionary.cpp, line 256]
Event: 2.020 Thread 0x000001bab0ce3e20 Exception <a 'java/io/FileNotFoundException'{0x00000000cbbea6c8}> (0x00000000cbbea6c8) 
thrown [s\open\src\hotspot\share\prims\jni.cpp, line 516]
Event: 2.050 Thread 0x000001bab0ce3e20 Exception <a 'java/io/FileNotFoundException'{0x00000000cba17ca8}> (0x00000000cba17ca8) 
thrown [s\open\src\hotspot\share\prims\jni.cpp, line 516]
Event: 4.913 Thread 0x000001baccb9e570 Exception <a 'java/lang/NoSuchMethodError'{0x00000000cbb02e40}: 'void java.lang.invoke.DirectMethodHandle$Holder.invokeSpecial(java.lang.Object, java.lang.Object, java.lang.Object)'> (0x00000000cbb02e40) 
thrown [s\open\src\hotspot\share\interpreter\linkResolver.cpp, line 759]
Event: 4.966 Thread 0x000001baccb9e570 Exception <a 'java/lang/NoSuchMethodError'{0x00000000cbb2cf10}: 'java.lang.Object java.lang.invoke.DirectMethodHandle$Holder.newInvokeSpecial(java.lang.Object, java.lang.Object, java.lang.Object, java.lang.Object, java.lang.Object)'> (0x00000000cbb2cf10) 
thrown [s\open\src\hotspot\share\interpreter\linkResolver.cpp, line 759]
Event: 4.975 Thread 0x000001baccb9e570 Exception <a 'java/lang/NoSuchMethodError'{0x00000000cbb38dc0}: 'java.lang.Object java.lang.invoke.DirectMethodHandle$Holder.invokeStatic(java.lang.Object, int, java.lang.Object, java.lang.Object, java.lang.Object, java.lang.Object)'> (0x00000000cbb38dc0) 
thrown [s\open\src\hotspot\share\interpreter\linkResolver.cpp, line 759]
Event: 5.002 Thread 0x000001baccb9e570 Exception <a 'java/lang/NoSuchMethodError'{0x00000000cbb5ea78}: 'java.lang.Object java.lang.invoke.DirectMethodHandle$Holder.invokeStatic(java.lang.Object, int, java.lang.Object)'> (0x00000000cbb5ea78) 
thrown [s\open\src\hotspot\share\interpreter\linkResolver.cpp, line 759]
Event: 5.174 Thread 0x000001baccb9e570 Exception <a 'java/lang/ClassNotFoundException'{0x00000000cba172f0}: com/sun/swing/internal/plaf/metal/resources/spi/metalProvider> (0x00000000cba172f0) 
thrown [s\open\src\hotspot\share\classfile\systemDictionary.cpp, line 256]
Event: 5.183 Thread 0x000001baccb9e570 Exception <a 'java/lang/ClassNotFoundException'{0x00000000cba1d1a0}: com/sun/swing/internal/plaf/basic/resources/spi/basicProvider> (0x00000000cba1d1a0) 
thrown [s\open\src\hotspot\share\classfile\systemDictionary.cpp, line 256]
Event: 5.233 Thread 0x000001baccb9e570 Implicit null exception at 0x000001bac008ea9b to 0x000001bac008f0ed
Event: 5.986 Thread 0x000001baccb9e570 Exception <a 'java/lang/NoSuchMethodError'{0x00000000cc2afc70}: 'void java.lang.invoke.DirectMethodHandle$Holder.invokeStatic(java.lang.Object, java.lang.Object, java.lang.Object)'> (0x00000000cc2afc70) 
thrown [s\open\src\hotspot\share\interpreter\linkResolver.cpp, line 759]
Event: 6.335 Thread 0x000001baccb76120 Exception <a 'java/lang/NoSuchMethodError'{0x00000000cbf58fe0}: 'void java.lang.invoke.DirectMethodHandle$Holder.invokeVirtual(java.lang.Object, java.lang.Object)'> (0x00000000cbf58fe0) 
thrown [s\open\src\hotspot\share\interpreter\linkResolver.cpp, line 759]
Event: 6.431 Thread 0x000001baccb9e570 Exception <a 'java/lang/NoSuchMethodError'{0x00000000cbf26ca8}: 'void java.lang.invoke.DirectMethodHandle$Holder.invokeStaticInit(java.lang.Object)'> (0x00000000cbf26ca8) 
thrown [s\open\src\hotspot\share\interpreter\linkResolver.cpp, line 759]
Event: 6.489 Thread 0x000001baccb9e570 Exception <a 'java/io/FileNotFoundException'{0x00000000cbf33b90}> (0x00000000cbf33b90) 
thrown [s\open\src\hotspot\share\prims\jni.cpp, line 516]
Event: 8.055 Thread 0x000001baccb9e570 Exception <a 'java/lang/NoSuchMethodError'{0x00000000cbcac070}: 'int java.lang.invoke.DirectMethodHandle$Holder.invokeStaticInit(java.lang.Object, java.lang.Object, java.lang.Object)'> (0x00000000cbcac070) 
thrown [s\open\src\hotspot\share\interpreter\linkResolver.cpp, line 759]
Event: 8.122 Thread 0x000001baccb9e570 Exception <a 'java/lang/NoSuchMethodError'{0x00000000cbbbe660}: 'double java.lang.invoke.DirectMethodHandle$Holder.invokeStatic(java.lang.Object, double)'> (0x00000000cbbbe660) 
thrown [s\open\src\hotspot\share\interpreter\linkResolver.cpp, line 759]
Event: 8.124 Thread 0x000001baccb9e570 Exception <a 'java/lang/NoSuchMethodError'{0x00000000cbbc20c0}: 'double java.lang.invoke.DirectMethodHandle$Holder.invokeStaticInit(java.lang.Object, double)'> (0x00000000cbbc20c0) 
thrown [s\open\src\hotspot\share\interpreter\linkResolver.cpp, line 759]
Event: 8.152 Thread 0x000001baccb9e570 Exception <a 'java/lang/NoSuchMethodError'{0x00000000cba02b18}: 'java.lang.Object java.lang.invoke.DirectMethodHandle$Holder.newInvokeSpecial(java.lang.Object, double)'> (0x00000000cba02b18) 
thrown [s\open\src\hotspot\share\interpreter\linkResolver.cpp, line 759]
Event: 15.923 Thread 0x000001bad1a5cd10 Exception <a 'java/lang/NoSuchMethodError'{0x00000000ca19df80}: 'java.lang.Object java.lang.invoke.DirectMethodHandle$Holder.invokeStaticInit(java.lang.Object, int, int, int, int)'> (0x00000000ca19df80) 
thrown [s\open\src\hotspot\share\interpreter\linkResolver.cpp, line 759]
Event: 16.732 Thread 0x000001bad1a5cd10 Exception <a 'java/lang/NoSuchMethodError'{0x00000000c9f40690}: 'java.lang.Object java.lang.invoke.DirectMethodHandle$Holder.invokeStaticInit(java.lang.Object, java.lang.Object, int, int, int, int)'> (0x00000000c9f40690) 
thrown [s\open\src\hotspot\share\interpreter\linkResolver.cpp, line 759]

VM Operations (20 events):
Event: 10.061 Executing VM operation: Cleanup
Event: 10.062 Executing VM operation: Cleanup done
Event: 11.062 Executing VM operation: Cleanup
Event: 11.063 Executing VM operation: Cleanup done
Event: 12.071 Executing VM operation: Cleanup
Event: 12.120 Executing VM operation: Cleanup done
Event: 13.133 Executing VM operation: Cleanup
Event: 13.133 Executing VM operation: Cleanup done
Event: 14.136 Executing VM operation: Cleanup
Event: 14.136 Executing VM operation: Cleanup done
Event: 14.462 Executing VM operation: CollectForMetadataAllocation
Event: 14.485 Executing VM operation: CollectForMetadataAllocation done
Event: 14.507 Executing VM operation: G1Concurrent
Event: 14.511 Executing VM operation: G1Concurrent done
Event: 14.516 Executing VM operation: G1Concurrent
Event: 14.517 Executing VM operation: G1Concurrent done
Event: 15.518 Executing VM operation: Cleanup
Event: 15.519 Executing VM operation: Cleanup done
Event: 15.839 Executing VM operation: HandshakeAllThreads
Event: 15.839 Executing VM operation: HandshakeAllThreads done

Events (20 events):
Event: 16.757 loading class java/nio/channels/GatheringByteChannel
Event: 16.757 loading class java/nio/channels/GatheringByteChannel done
Event: 16.757 loading class java/nio/channels/ScatteringByteChannel
Event: 16.757 loading class java/nio/channels/ScatteringByteChannel done
Event: 16.757 loading class java/nio/channels/spi/AbstractInterruptibleChannel
Event: 16.758 loading class java/nio/channels/InterruptibleChannel
Event: 16.758 loading class java/nio/channels/InterruptibleChannel done
Event: 16.758 loading class java/nio/channels/spi/AbstractInterruptibleChannel done
Event: 16.758 loading class java/nio/channels/FileChannel done
Event: 16.758 loading class sun/nio/ch/FileChannelImpl done
Event: 16.759 loading class sun/nio/ch/NativeThreadSet
Event: 16.760 loading class sun/nio/ch/NativeThreadSet done
Event: 16.760 loading class sun/nio/ch/FileDispatcherImpl
Event: 16.761 loading class sun/nio/ch/FileDispatcher
Event: 16.761 loading class sun/nio/ch/FileDispatcher done
Event: 16.761 loading class sun/nio/ch/FileDispatcherImpl done
Event: 16.761 loading class sun/nio/ch/FileChannelImpl$Closer
Event: 16.762 loading class sun/nio/ch/FileChannelImpl$Closer done
Event: 16.762 loading class java/awt/Font$2
Event: 16.763 loading class java/awt/Font$2 done


Dynamic libraries:
0x00007ff6fe670000 - 0x00007ff6fe680000 	C:\Program Files\Java\jdk-17\bin\java.exe
0x00007ff821530000 - 0x00007ff821728000 	C:\Windows\SYSTEM32\ntdll.dll
0x00007ff820ef0000 - 0x00007ff820faf000 	C:\Windows\System32\KERNEL32.DLL
0x00007ff81f1b0000 - 0x00007ff81f4a6000 	C:\Windows\System32\KERNELBASE.dll
0x00007ff81eeb0000 - 0x00007ff81efb0000 	C:\Windows\System32\ucrtbase.dll
0x00007ff81a6d0000 - 0x00007ff81a6e9000 	C:\Program Files\Java\jdk-17\bin\jli.dll
0x00007ff820d10000 - 0x00007ff820dbf000 	C:\Windows\System32\ADVAPI32.dll
0x00007ff820fb0000 - 0x00007ff82104e000 	C:\Windows\System32\msvcrt.dll
0x00007ff8207e0000 - 0x00007ff82087c000 	C:\Windows\System32\sechost.dll
0x00007ff820210000 - 0x00007ff820336000 	C:\Windows\System32\RPCRT4.dll
0x00007ff820aa0000 - 0x00007ff820c3d000 	C:\Windows\System32\USER32.dll
0x00007ff81f560000 - 0x00007ff81f582000 	C:\Windows\System32\win32u.dll
0x00007ff8208e0000 - 0x00007ff82090c000 	C:\Windows\System32\GDI32.dll
0x00007ff81ec10000 - 0x00007ff81ed25000 	C:\Windows\System32\gdi32full.dll
0x00007ff81efb0000 - 0x00007ff81f04d000 	C:\Windows\System32\msvcp_win.dll
0x00007ff819d30000 - 0x00007ff819d4b000 	C:\Program Files\Java\jdk-17\bin\VCRUNTIME140.dll
0x00007ff80fec0000 - 0x00007ff81015a000 	C:\Windows\WinSxS\amd64_microsoft.windows.common-controls_6595b64144ccf1df_6.0.19041.1110_none_60b5254171f9507e\COMCTL32.dll
0x00007ff815f80000 - 0x00007ff815f8a000 	C:\Windows\SYSTEM32\VERSION.dll
0x00007ff821050000 - 0x00007ff821080000 	C:\Windows\System32\IMM32.DLL
0x00007ff81a870000 - 0x00007ff81a87c000 	C:\Program Files\Java\jdk-17\bin\vcruntime140_1.dll
0x00007ff80b350000 - 0x00007ff80b3de000 	C:\Program Files\Java\jdk-17\bin\msvcp140.dll
0x00007fffc93b0000 - 0x00007fffc9f8d000 	C:\Program Files\Java\jdk-17\bin\server\jvm.dll
0x00007ff820a90000 - 0x00007ff820a98000 	C:\Windows\System32\PSAPI.DLL
0x00007ff815f90000 - 0x00007ff815fb7000 	C:\Windows\SYSTEM32\WINMM.dll
0x00007ff81c290000 - 0x00007ff81c299000 	C:\Windows\SYSTEM32\WSOCK32.dll
0x00007ff820a00000 - 0x00007ff820a6b000 	C:\Windows\System32\WS2_32.dll
0x00007ff81caa0000 - 0x00007ff81cab2000 	C:\Windows\SYSTEM32\kernel.appcore.dll
0x00007ff819500000 - 0x00007ff81950a000 	C:\Program Files\Java\jdk-17\bin\jimage.dll
0x00007ff80fb50000 - 0x00007ff80fd34000 	C:\Windows\SYSTEM32\DBGHELP.DLL
0x00007ff80bb60000 - 0x00007ff80bb94000 	C:\Windows\SYSTEM32\dbgcore.DLL
0x00007ff81ee20000 - 0x00007ff81eea2000 	C:\Windows\System32\bcryptPrimitives.dll
0x00007ff81ab80000 - 0x00007ff81ab8e000 	C:\Program Files\Java\jdk-17\bin\instrument.dll
0x00007ff818620000 - 0x00007ff818645000 	C:\Program Files\Java\jdk-17\bin\java.dll
0x00007ffffd850000 - 0x00007ffffd927000 	C:\Program Files\Java\jdk-17\bin\jsvml.dll
0x00007ff81f960000 - 0x00007ff8200a4000 	C:\Windows\System32\SHELL32.dll
0x00007ff81cca0000 - 0x00007ff81d434000 	C:\Windows\SYSTEM32\windows.storage.dll
0x00007ff81f600000 - 0x00007ff81f954000 	C:\Windows\System32\combase.dll
0x00007ff81e580000 - 0x00007ff81e5ae000 	C:\Windows\SYSTEM32\Wldp.dll
0x00007ff820460000 - 0x00007ff82050d000 	C:\Windows\System32\SHCORE.dll
0x00007ff820520000 - 0x00007ff820575000 	C:\Windows\System32\shlwapi.dll
0x00007ff81eb40000 - 0x00007ff81eb65000 	C:\Windows\SYSTEM32\profapi.dll
0x00007ff818420000 - 0x00007ff818438000 	C:\Program Files\Java\jdk-17\bin\zip.dll
0x00007ff819170000 - 0x00007ff819189000 	C:\Program Files\Java\jdk-17\bin\net.dll
0x00007ff815cb0000 - 0x00007ff815dba000 	C:\Windows\SYSTEM32\WINHTTP.dll
0x00007ff81e2e0000 - 0x00007ff81e34a000 	C:\Windows\system32\mswsock.dll
0x00007ff8185a0000 - 0x00007ff8185b6000 	C:\Program Files\Java\jdk-17\bin\nio.dll
0x00007ff818d80000 - 0x00007ff818d9a000 	E:\IntelliJ IDEA Community Edition 2023.1.2\bin\breakgen64.dll
0x00007ffffceb0000 - 0x00007ffffd041000 	C:\Program Files\Java\jdk-17\bin\awt.dll
0x00007ff820c40000 - 0x00007ff820d0d000 	C:\Windows\System32\OLEAUT32.dll
0x00007ff81c3d0000 - 0x00007ff81c461000 	C:\Windows\SYSTEM32\apphelp.dll
0x00007ff81c5d0000 - 0x00007ff81c66e000 	C:\Windows\system32\uxtheme.dll
0x00007ff820340000 - 0x00007ff820454000 	C:\Windows\System32\MSCTF.dll
0x00007ff820dc0000 - 0x00007ff820eea000 	C:\Windows\System32\ole32.dll
0x00007ff81c990000 - 0x00007ff81c9bf000 	C:\Windows\system32\DWMAPI.DLL
0x00007ffffd510000 - 0x00007ffffd635000 	C:\Windows\system32\opengl32.dll
0x00007ff81bed0000 - 0x00007ff81befc000 	C:\Windows\SYSTEM32\GLU32.dll
0x00007ffff4fc0000 - 0x00007ffff518d000 	C:\Windows\system32\d3d9.dll
0x00007ff815fc0000 - 0x00007ff81619b000 	C:\Windows\System32\DriverStore\FileRepository\u0360470.inf_amd64_35c64671e7fac064\B360357\aticfx64.dll
0x00007ff8184b0000 - 0x00007ff8184e3000 	C:\Windows\System32\DriverStore\FileRepository\u0360470.inf_amd64_35c64671e7fac064\B360357\atiu9p64.dll
0x00007fffd7ea0000 - 0x00007fffd8b36000 	C:\Windows\System32\DriverStore\FileRepository\u0360470.inf_amd64_35c64671e7fac064\B360357\atiumd64.dll
0x0000000075b10000 - 0x0000000076989000 	C:\Windows\System32\DriverStore\FileRepository\u0360470.inf_amd64_35c64671e7fac064\B360357\atiumd6a.dll
0x00007ff81e9c0000 - 0x00007ff81ea0b000 	C:\Windows\SYSTEM32\POWRPROF.dll
0x00007ff81e9a0000 - 0x00007ff81e9b2000 	C:\Windows\SYSTEM32\UMPDC.dll
0x00007ff815c80000 - 0x00007ff815caf000 	C:\Windows\SYSTEM32\amdihk64.dll
0x00007ff816260000 - 0x00007ff81629b000 	C:\Windows\SYSTEM32\dxcore.dll
0x00007ff81ed30000 - 0x00007ff81ed7e000 	C:\Windows\System32\cfgmgr32.dll
0x00007fffd4ba0000 - 0x00007fffd5bec000 	C:\Users\Administrator\.skiko\3efe469f75d8b70f29845fffbe8721cf8788923abb2acc0e3bd635eede83e038\skiko-windows-x64.dll
0x00007ff801d70000 - 0x00007ff801df6000 	C:\Program Files\Java\jdk-17\bin\freetype.dll
0x00007ffffbe20000 - 0x00007ffffbee5000 	C:\Program Files\Java\jdk-17\bin\fontmanager.dll
0x00007ff81a860000 - 0x00007ff81a867000 	C:\Program Files\Java\jdk-17\bin\jawt.dll
0x00007ff81d4a0000 - 0x00007ff81d593000 	C:\Windows\SYSTEM32\Dxgi.dll
0x00007ff818d60000 - 0x00007ff818d80000 	C:\Windows\SYSTEM32\D3D12.dll
0x00007ffffbc50000 - 0x00007ffffbe1d000 	C:\Windows\SYSTEM32\D3D12Core.dll
0x00007fffc1a00000 - 0x00007fffc37bb000 	C:\Windows\System32\DriverStore\FileRepository\u0360470.inf_amd64_35c64671e7fac064\B360357\amdxc64.dll
0x00007ff8170f0000 - 0x00007ff81711b000 	C:\Windows\SYSTEM32\D3DSCache.dll
0x00007ff81eb00000 - 0x00007ff81eb2e000 	C:\Windows\SYSTEM32\USERENV.dll
0x00007ff819910000 - 0x00007ff819b17000 	C:\Windows\SYSTEM32\twinapi.appcore.dll
0x00007ff811840000 - 0x00007ff811abf000 	C:\Windows\SYSTEM32\dwrite.dll
0x00007ff81b7f0000 - 0x00007ff81b9d3000 	C:\Windows\SYSTEM32\dcomp.dll
0x00007ffff5b90000 - 0x00007ffff5fed000 	C:\Windows\SYSTEM32\d3dcompiler_47.dll
0x00007ff81e4d0000 - 0x00007ff81e4e8000 	C:\Windows\SYSTEM32\CRYPTSP.dll
0x00007ff815450000 - 0x00007ff815549000 	C:\Windows\SYSTEM32\textinputframework.dll
0x00007ff81b9e0000 - 0x00007ff81bd3e000 	C:\Windows\System32\CoreUIComponents.dll
0x00007ff81c0c0000 - 0x00007ff81c1b2000 	C:\Windows\System32\CoreMessaging.dll
0x00007ff81dd20000 - 0x00007ff81dd53000 	C:\Windows\SYSTEM32\ntmarta.dll
0x00007ff81aa00000 - 0x00007ff81ab54000 	C:\Windows\SYSTEM32\wintypes.dll
0x00007ff81dc00000 - 0x00007ff81dc34000 	C:\Windows\system32\rsaenh.dll
0x00007ff81ed80000 - 0x00007ff81eda7000 	C:\Windows\System32\bcrypt.dll
0x00007ff81e4f0000 - 0x00007ff81e4fc000 	C:\Windows\SYSTEM32\CRYPTBASE.dll
0x00007ff81dfd0000 - 0x00007ff81e00c000 	C:\Windows\SYSTEM32\IPHLPAPI.DLL
0x00007ff820510000 - 0x00007ff820518000 	C:\Windows\System32\NSI.dll
0x00007ff814480000 - 0x00007ff814497000 	C:\Windows\SYSTEM32\dhcpcsvc6.DLL
0x00007ff814570000 - 0x00007ff81458d000 	C:\Windows\SYSTEM32\dhcpcsvc.DLL
0x00007ff81e010000 - 0x00007ff81e0da000 	C:\Windows\SYSTEM32\DNSAPI.dll

dbghelp: loaded successfully - version: 4.0.5 - missing functions: none
symbol engine: initialized successfully - sym options: 0x614 - pdb path: .;C:\Program Files\Java\jdk-17\bin;C:\Windows\SYSTEM32;C:\Windows\WinSxS\amd64_microsoft.windows.common-controls_6595b64144ccf1df_6.0.19041.1110_none_60b5254171f9507e;C:\Program Files\Java\jdk-17\bin\server;E:\IntelliJ IDEA Community Edition 2023.1.2\bin;C:\Windows\System32\DriverStore\FileRepository\u0360470.inf_amd64_35c64671e7fac064\B360357;C:\Users\Administrator\.skiko\3efe469f75d8b70f29845fffbe8721cf8788923abb2acc0e3bd635eede83e038

VM Arguments:
jvm_args: -Djava.library.path=F:\BaiduNetdiskDownload\DEV\Compose Desktop\FluentUi\demo\build\classes\kotlin\jvm\main;F:\BaiduNetdiskDownload\DEV\Compose Desktop\FluentUi\demo\build\processedResources\jvm\main -javaagent:E:\IntelliJ IDEA Community Edition 2023.1.2\lib\idea_rt.jar=58740:E:\IntelliJ IDEA Community Edition 2023.1.2\bin -Dfile.encoding=UTF-8 
java_command: MainKt
java_class_path (initial): F:\BaiduNetdiskDownload\DEV\Compose Desktop\FluentUi\demo\build\classes\kotlin\jvm\main;F:\BaiduNetdiskDownload\DEV\Compose Desktop\FluentUi\demo\build\processedResources\jvm\main;E:\gradle\caches\modules-2\files-2.1\org.jetbrains.kotlin\kotlin-stdlib-jdk8\1.8.20\73576ddf378c5b4f1f6b449fe6b119b8183fc078\kotlin-stdlib-jdk8-1.8.20.jar;E:\gradle\caches\modules-2\files-2.1\com.konyaco\fluent-jvm\0.0.1-dev.6\734862908b93bb77a0edc49e01331e7295891cc6\fluent-jvm-0.0.1-dev.6.jar;E:\gradle\caches\modules-2\files-2.1\com.konyaco\fluent-icons-extended-jvm\0.0.1-dev.6\5c1817cae5565b63b03b40d25a113ed6a1377bff\fluent-icons-extended-jvm-0.0.1-dev.6.jar;E:\gradle\caches\modules-2\files-2.1\org.jetbrains.kotlin\kotlin-stdlib-jdk7\1.8.20\3aa51faf20aae8b31e1a4bc54f8370673d7b7df4\kotlin-stdlib-jdk7-1.8.20.jar;E:\gradle\caches\modules-2\files-2.1\org.jetbrains.skiko\skiko-awt-runtime-windows-x64\0.7.58\47955d864ac554609daa7b95a735fdbe362398fb\skiko-awt-runtime-windows-x64-0.7.58.jar;E:\gradle\caches\modules-2\files-2.1\org.jetbrains.kotlin\kotlin-stdlib\1.8.20\e72fc5e03ec6c064c678a6bd0d955c88d55b0c4a\kotlin-stdlib-1.8.20.jar;E:\gradle\caches\modules-2\files-2.1\org.jetbrains.compose.desktop\desktop-jvm\1.3.0\e2b2c3df64b02dab8673daba012294d9ef5efb49\desktop-jvm-1.3.0.jar;E:\gradle\caches\modules-2\files-2.1\org.jetbrains.compose.desktop\desktop-jvm\1.4.0\922ebea5ab9e202ee66ab4f4f567a74184eddbc1\desktop-jvm-1.4.0.jar;E:\gradle\caches\modules-2\files-2.1\org.jetbrains\annotations\13.0\919f0dfe192fb4e063e7dacadee7f8bb9a2672a9\annotations-13.0.jar;E:\gradle\caches\modules-2\files-2.1\com.konyaco\fluent-icons-core-jvm\0.0.1-dev.6\c073a1c18d5842a62fb4a510fd0c6e226363f328\fluent-icons-core-jvm-0.0.1-dev.6.jar;E:\gradle\caches\modules-2\files-2.1\org.jetbrains.compose.foundation\foundation-desktop\1.4.0\4456fbe422fdfb6fedcb133bd1f419a70c72d858\foundation-desktop-1.4.0.jar;E:\gradle\caches\modules-2\files-2.1\org.jetbrains.compose.ui\ui-tooling-preview-desktop\1.4.0\16
Launcher Type: SUN_STANDARD

[Global flags]
     intx CICompilerCount                          = 3                                         {product} {ergonomic}
     uint ConcGCThreads                            = 1                                         {product} {ergonomic}
     uint G1ConcRefinementThreads                  = 4                                         {product} {ergonomic}
   size_t G1HeapRegionSize                         = 1048576                                   {product} {ergonomic}
    uintx GCDrainStackTargetSize                   = 64                                        {product} {ergonomic}
   size_t InitialHeapSize                          = 58720256                                  {product} {ergonomic}
   size_t MarkStackSize                            = 4194304                                   {product} {ergonomic}
   size_t MaxHeapSize                              = 926941184                                 {product} {ergonomic}
   size_t MaxNewSize                               = 555745280                                 {product} {ergonomic}
   size_t MinHeapDeltaBytes                        = 1048576                                   {product} {ergonomic}
   size_t MinHeapSize                              = 8388608                                   {product} {ergonomic}
    uintx NonNMethodCodeHeapSize                   = 5832780                                {pd product} {ergonomic}
    uintx NonProfiledCodeHeapSize                  = 122912730                              {pd product} {ergonomic}
    uintx ProfiledCodeHeapSize                     = 122912730                              {pd product} {ergonomic}
    uintx ReservedCodeCacheSize                    = 251658240                              {pd product} {ergonomic}
     bool SegmentedCodeCache                       = true                                      {product} {ergonomic}
   size_t SoftMaxHeapSize                          = 926941184                              {manageable} {ergonomic}
     bool UseCompressedClassPointers               = true                           {product lp64_product} {ergonomic}
     bool UseCompressedOops                        = true                           {product lp64_product} {ergonomic}
     bool UseG1GC                                  = true                                      {product} {ergonomic}
     bool UseLargePagesIndividualAllocation        = false                                  {pd product} {ergonomic}

Logging:
Log output configuration:
 #0: stdout all=warning uptime,level,tags
 #1: stderr all=off uptime,level,tags

Environment Variables:
PATH=C:\Program Files\Common Files\Oracle\Java\javapath;C:\Program Files (x86)\Common Files\Oracle\Java\javapath;C:\Windows\system32;C:\Windows;C:\Windows\System32\Wbem;C:\Windows\System32\WindowsPowerShell\v1.0\;C:\Windows\System32\OpenSSH\;C:\Program Files\Bandizip\;"%JAVA_HOME%\bin;%JAVA_HOME%\jre\bin;";C:\Program Files\Git\cmd;C:\Users\Administrator\AppData\Local\Microsoft\WindowsApps;C:\Users\Administrator\AppData\Local\GitHubDesktop\bin
USERNAME=Administrator
OS=Windows_NT
PROCESSOR_IDENTIFIER=AMD64 Family 22 Model 0 Stepping 1, AuthenticAMD



---------------  S Y S T E M  ---------------

OS:
 Windows 10 , 64 bit Build 19041 (10.0.19041.3155)
OS uptime: 7 days 21:41 hours

CPU: total 4 (initial active 4) (4 cores per cpu, 1 threads per core) family 22 model 0 stepping 1 microcode 0x0, cx8, cmov, fxsr, mmx, 3dnowpref, sse, sse2, sse3, ssse3, sse4a, sse4.1, sse4.2, popcnt, lzcnt, tsc, tscinvbit, avx, aes, clmul, bmi1, vzeroupper, clflush

Memory: 4k page, system-wide physical 3533M (154M free)
TotalPageFile size 11725M (AvailPageFile size 0M)
current process WorkingSet (physical memory assigned to process): 199M, peak: 221M
current process commit charge ("private bytes"): 271M, peak: 271M

vm_info: Java HotSpot(TM) 64-Bit Server VM (17.0.7+8-LTS-224) for windows-amd64 JRE (17.0.7+8-LTS-224), built on Feb 28 2023 23:03:02 by "mach5one" with MS VC++ 17.1 (VS2022)

END.
